Build started 2.7.2016 17:57:16.
     1>Project "C:\Users\Samuli\Documents\Visual Studio 2013\Projects\Real time assembler\Real time assembler\Real time assembler.vcxproj" on node 2 (Build target(s)).
     1>ClCompile:
         C:\Program Files (x86)\Microsoft Visual Studio 12.0\VC\bin\CL.exe /c /ZI /nologo /W3 /WX- /sdl /Od /Oy- /D WIN32 /D _DEBUG /D _CONSOLE /D _LIB /D _UNICODE /D UNICODE /Gm /EHsc /RTC1 /MDd /GS /fp:precise /Zc:wchar_t /Zc:forScope /Yc"stdafx.h" /Fp"Debug\Real time assembler.pch" /Fo"Debug\\" /Fd"Debug\vc120.pdb" /Gd /TP /analyze- /errorReport:prompt stdafx.cpp
         stdafx.cpp
         C:\Program Files (x86)\Microsoft Visual Studio 12.0\VC\bin\CL.exe /c /ZI /nologo /W3 /WX- /sdl /Od /Oy- /D WIN32 /D _DEBUG /D _CONSOLE /D _LIB /D _UNICODE /D UNICODE /Gm /EHsc /RTC1 /MDd /GS /fp:precise /Zc:wchar_t /Zc:forScope /Yu"stdafx.h" /Fp"Debug\Real time assembler.pch" /Fo"Debug\\" /Fd"Debug\vc120.pdb" /Gd /TP /analyze- /errorReport:prompt ASMContext.cpp ASMFunction.cpp ASMOpcode.cpp "Real time assembler.cpp"
         Real time assembler.cpp
         ASMOpcode.cpp
         ASMFunction.cpp
         ASMContext.cpp
         Generating Code...
       Link:
         C:\Program Files (x86)\Microsoft Visual Studio 12.0\VC\bin\link.exe /ERRORREPORT:PROMPT /OUT:"C:\Users\Samuli\Documents\Visual Studio 2013\Projects\Real time assembler\Debug\Real time assembler.exe" /INCREMENTAL /NOLOGO kernel32.lib user32.lib gdi32.lib winspool.lib comdlg32.lib advapi32.lib shell32.lib ole32.lib oleaut32.lib uuid.lib odbc32.lib odbccp32.lib /MANIFEST /MANIFESTUAC:"level='asInvoker' uiAccess='false'" /manifest:embed /DEBUG /PDB:"C:\Users\Samuli\Documents\Visual Studio 2013\Projects\Real time assembler\Debug\Real time assembler.pdb" /SUBSYSTEM:CONSOLE /TLBID:1 /DYNAMICBASE /NXCOMPAT /IMPLIB:"C:\Users\Samuli\Documents\Visual Studio 2013\Projects\Real time assembler\Debug\Real time assembler.lib" /MACHINE:X86 Debug\ASMContext.obj
         Debug\ASMFunction.obj
         Debug\ASMOpcode.obj
         "Debug\Real time assembler.obj"
         Debug\stdafx.obj
         Real time assembler.vcxproj -> C:\Users\Samuli\Documents\Visual Studio 2013\Projects\Real time assembler\Debug\Real time assembler.exe
     1>Done Building Project "C:\Users\Samuli\Documents\Visual Studio 2013\Projects\Real time assembler\Real time assembler\Real time assembler.vcxproj" (Build target(s)).

Build succeeded.

Time Elapsed 00:00:04.28
